Arguments: 
  C:\Program Files\nodejs\node.exe C:\Users\luism\AppData\Roaming\npm\node_modules\yarn\bin\yarn.js install

PATH: 
  C:\Program Files\Git\mingw64\bin;C:\Program Files\Git\usr\bin;C:\Users\luism\bin;C:\Users\luism\AppData\Local\cloud-code\installer\google-cloud-sdk\bin;C:\Program Files (x86)\NVIDIA Corporation\PhysX\Common;C:\Program Files\Zulu\zulu-17\bin;C:\Program Files\Zulu\zulu-17-jre\bin;C:\Windows\system32;C:\Windows;C:\Windows\System32\Wbem;C:\Windows\System32\WindowsPowerShell\v1.0;C:\Windows\System32\OpenSSH;C:\Program Files\nodejs;C:\Program Files\Git LFS;C:\ProgramData\chocolatey\bin;C:\Program Files\Microsoft SQL Server\150\Tools\Binn;C:\Program Files\Microsoft SQL Server\Client SDK\ODBC\170\Tools\Binn;C:\Program Files\dotnet;C:\wamp64\bin\php\php7.4.26;C:\gradle-7.6\bin;C:\Program Files\Git\cmd;C:\Users\luism\AppData\Local\Android\Sdk\platform-tools;C:\watchman\bin;C:\Users\luism\AppData\Local\activestate\cache\bin;C:\Users\luism\AppData\Roaming\ActiveState\bin\bin;C:\Users\luism\AppData\Local\Microsoft\WindowsApps;C:\Users\luism\AppData\Roaming\npm;C:\Users\luism\AppData\Local\Programs\Microsoft VS Code\bin;C:\Program Files\OpenSSL-Win64\bin;C:\Users\luism\AppData\Local\GitHubDesktop\bin;C:\Users\luism\.dotnet\tools;C:\Program Files\JetBrains\IntelliJ IDEA Community Edition 2022.2.4\bin;C:\ProgramData\luism\GitHubDesktop\bin;C:\Program Files\JetBrains\PyCharm Community Edition 2022.3\bin;C:\Program Files\JetBrains\WebStorm 2022.3.1\bin

Yarn version: 
  1.22.19

Node version: 
  18.12.1

Platform: 
  win32 x64

Trace: 
  Error: https://registry.yarnpkg.com/@sanity/base/-/base-2.35.2.tgz: ESOCKETTIMEDOUT
      at ClientRequest.<anonymous> (C:\Users\luism\AppData\Roaming\npm\node_modules\yarn\lib\cli.js:141517:19)
      at Object.onceWrapper (node:events:627:28)
      at ClientRequest.emit (node:events:513:28)
      at TLSSocket.emitRequestTimeout (node:_http_client:838:9)
      at Object.onceWrapper (node:events:627:28)
      at TLSSocket.emit (node:events:525:35)
      at Socket._onTimeout (node:net:562:8)
      at listOnTimeout (node:internal/timers:564:17)
      at process.processTimers (node:internal/timers:507:7)

npm manifest: 
  {
    "name": "sanity-backend",
    "private": true,
    "version": "1.0.0",
    "description": "",
    "main": "package.json",
    "author": "quang08 <quangthenguyen2003@gmail.com>",
    "license": "UNLICENSED",
    "scripts": {
      "start": "sanity start",
      "build": "sanity build"
    },
    "keywords": [
      "sanity"
    ],
    "dependencies": {
      "@sanity/base": "^2.33.3",
      "@sanity/core": "^2.33.3",
      "@sanity/default-layout": "^2.33.3",
      "@sanity/default-login": "^2.33.3",
      "@sanity/desk-tool": "^2.33.3",
      "@sanity/eslint-config-studio": "^2.0.0",
      "@sanity/vision": "^2.33.3",
      "eslint": "^8.6.0",
      "prop-types": "^15.7",
      "react": "^17.0",
      "react-dom": "^17.0",
      "styled-components": "^5.2.0"
    },
    "devDependencies": {}
  }

yarn manifest: 
  No manifest

Lockfile: 
  No lockfile
